[2015-05-11 19:18:57] local.ERROR: exception 'InvalidArgumentException' with message 'Command "migrate:make" is not defined.

Did you mean one of these?
    migrate:reset
    migrate:refresh
    migrate:status
    migrate:rollback
    migrate:install
    migrate' in /home/hunainarif/ivolunteer/vendor/symfony/console/Symfony/Component/Console/Application.php:549
Stack trace:
#0 /home/hunainarif/ivolunteer/vendor/symfony/console/Symfony/Component/Console/Application.php(192): Symfony\Component\Console\Application->find('migrate:make')
#1 /home/hunainarif/ivolunteer/vendor/symfony/console/Symfony/Component/Console/Application.php(126): Symfony\Component\Console\Application->doRun(Object(Symfony\Component\Console\Input\ArgvInput), Object(Symfony\Component\Console\Output\ConsoleOutput))
#2 /home/hunainarif/ivolunteer/vendor/laravel/framework/src/Illuminate/Foundation/Console/Kernel.php(94): Symfony\Component\Console\Application->run(Object(Symfony\Component\Console\Input\ArgvInput), Object(Symfony\Component\Console\Output\ConsoleOutput))
#3 /home/hunainarif/ivolunteer/artisan(36): Illuminate\Foundation\Console\Kernel->handle(Object(Symfony\Component\Console\Input\ArgvInput), Object(Symfony\Component\Console\Output\ConsoleOutput))
#4 {main}  
[2015-05-11 19:19:18] local.ERROR: exception 'RuntimeException' with message 'Too many arguments.' in /home/hunainarif/ivolunteer/vendor/symfony/console/Symfony/Component/Console/Input/ArgvInput.php:181
Stack trace:
#0 /home/hunainarif/ivolunteer/vendor/symfony/console/Symfony/Component/Console/Input/ArgvInput.php(90): Symfony\Component\Console\Input\ArgvInput->parseArgument('create-users-ta...')
#1 /home/hunainarif/ivolunteer/vendor/symfony/console/Symfony/Component/Console/Input/Input.php(61): Symfony\Component\Console\Input\ArgvInput->parse()
#2 /home/hunainarif/ivolunteer/vendor/symfony/console/Symfony/Component/Console/Command/Command.php(229): Symfony\Component\Console\Input\Input->bind(Object(Symfony\Component\Console\Input\InputDefinition))
#3 /home/hunainarif/ivolunteer/vendor/laravel/framework/src/Illuminate/Console/Command.php(101): Symfony\Component\Console\Command\Command->run(Object(Symfony\Component\Console\Input\ArgvInput), Object(Symfony\Component\Console\Output\ConsoleOutput))
#4 /home/hunainarif/ivolunteer/vendor/symfony/console/Symfony/Component/Console/Application.php(874): Illuminate\Console\Command->run(Object(Symfony\Component\Console\Input\ArgvInput), Object(Symfony\Component\Console\Output\ConsoleOutput))
#5 /home/hunainarif/ivolunteer/vendor/symfony/console/Symfony/Component/Console/Application.php(195): Symfony\Component\Console\Application->doRunCommand(Object(Illuminate\Database\Console\Migrations\InstallCommand), Object(Symfony\Component\Console\Input\ArgvInput), Object(Symfony\Component\Console\Output\ConsoleOutput))
#6 /home/hunainarif/ivolunteer/vendor/symfony/console/Symfony/Component/Console/Application.php(126): Symfony\Component\Console\Application->doRun(Object(Symfony\Component\Console\Input\ArgvInput), Object(Symfony\Component\Console\Output\ConsoleOutput))
#7 /home/hunainarif/ivolunteer/vendor/laravel/framework/src/Illuminate/Foundation/Console/Kernel.php(94): Symfony\Component\Console\Application->run(Object(Symfony\Component\Console\Input\ArgvInput), Object(Symfony\Component\Console\Output\ConsoleOutput))
#8 /home/hunainarif/ivolunteer/artisan(36): Illuminate\Foundation\Console\Kernel->handle(Object(Symfony\Component\Console\Input\ArgvInput), Object(Symfony\Component\Console\Output\ConsoleOutput))
#9 {main}  
[2015-05-11 19:20:33] local.ERROR: exception 'InvalidArgumentException' with message 'Command "migrate:" is ambiguous (migrate:install, migrate:rollback and 3 more).' in /home/hunainarif/ivolunteer/vendor/symfony/console/Symfony/Component/Console/Application.php:566
Stack trace:
#0 /home/hunainarif/ivolunteer/vendor/symfony/console/Symfony/Component/Console/Application.php(192): Symfony\Component\Console\Application->find('migrate:')
#1 /home/hunainarif/ivolunteer/vendor/symfony/console/Symfony/Component/Console/Application.php(126): Symfony\Component\Console\Application->doRun(Object(Symfony\Component\Console\Input\ArgvInput), Object(Symfony\Component\Console\Output\ConsoleOutput))
#2 /home/hunainarif/ivolunteer/vendor/laravel/framework/src/Illuminate/Foundation/Console/Kernel.php(94): Symfony\Component\Console\Application->run(Object(Symfony\Component\Console\Input\ArgvInput), Object(Symfony\Component\Console\Output\ConsoleOutput))
#3 /home/hunainarif/ivolunteer/artisan(36): Illuminate\Foundation\Console\Kernel->handle(Object(Symfony\Component\Console\Input\ArgvInput), Object(Symfony\Component\Console\Output\ConsoleOutput))
#4 {main}  
[2015-05-11 20:34:00] local.ERROR: exception 'Symfony\Component\Debug\Exception\FatalErrorException' with message 'Class 'Cause' not found' in /home/hunainarif/ivolunteer/database/seeds/DatabaseSeeder.php:32
Stack trace:
#0 {main}  
[2015-05-11 20:35:08] local.ERROR: exception 'Symfony\Component\Debug\Exception\FatalErrorException' with message 'Class 'Cause' not found' in /home/hunainarif/ivolunteer/database/seeds/DatabaseSeeder.php:34
Stack trace:
#0 {main}  
[2015-05-11 20:36:11] local.ERROR: exception 'Symfony\Component\Debug\Exception\FatalErrorException' with message 'Class 'app\Cause' not found' in /home/hunainarif/ivolunteer/database/seeds/DatabaseSeeder.php:36
Stack trace:
#0 {main}  
[2015-05-11 20:38:10] local.ERROR: exception 'Symfony\Component\Debug\Exception\FatalErrorException' with message 'Class 'app\Cause' not found' in /home/hunainarif/ivolunteer/database/seeds/DatabaseSeeder.php:37
Stack trace:
#0 {main}  
[2015-05-11 20:38:17] local.ERROR: exception 'Symfony\Component\Debug\Exception\FatalErrorException' with message 'Class 'Skill' not found' in /home/hunainarif/ivolunteer/database/seeds/DatabaseSeeder.php:65
Stack trace:
#0 {main}  
[2015-05-11 20:46:07] local.ERROR: exception 'Symfony\Component\Debug\Exception\FatalErrorException' with message 'Class 'App\Http\Controllers\Cause' not found' in /home/hunainarif/ivolunteer/app/Http/Controllers/WelcomeController.php:33
Stack trace:
#0 {main}  
[2015-05-11 21:16:53] local.ERROR: exception 'ErrorException' with message 'include_once(header.blade.php): failed to open stream: No such file or directory' in /home/hunainarif/ivolunteer/storage/framework/views/6f3d3edb1ebefc17cbbe6499c2412108:3
Stack trace:
#0 /home/hunainarif/ivolunteer/storage/framework/views/6f3d3edb1ebefc17cbbe6499c2412108(3): Illuminate\Foundation\Bootstrap\HandleExceptions->handleError(2, 'include_once(he...', '/home/hunainari...', 3, Array)
#1 /home/hunainarif/ivolunteer/storage/framework/views/6f3d3edb1ebefc17cbbe6499c2412108(3): include_once()
#2 /home/hunainarif/ivolunteer/vendor/compiled.php(13775): include('/home/hunainari...')
#3 /home/hunainarif/ivolunteer/vendor/compiled.php(13808): Illuminate\View\Engines\PhpEngine->evaluatePath('/home/hunainari...', Array)
#4 /home/hunainarif/ivolunteer/vendor/compiled.php(13648): Illuminate\View\Engines\CompilerEngine->get('/home/hunainari...', Array)
#5 /home/hunainarif/ivolunteer/vendor/compiled.php(13635): Illuminate\View\View->getContents()
#6 /home/hunainarif/ivolunteer/vendor/compiled.php(13626): Illuminate\View\View->renderContents()
#7 /home/hunainarif/ivolunteer/vendor/compiled.php(14721): Illuminate\View\View->render()
#8 /home/hunainarif/ivolunteer/vendor/compiled.php(14250): Illuminate\Http\Response->setContent(Object(Illuminate\View\View))
#9 /home/hunainarif/ivolunteer/vendor/compiled.php(7244): Symfony\Component\HttpFoundation\Response->__construct(Object(Illuminate\View\View))
#10 /home/hunainarif/ivolunteer/vendor/compiled.php(7044): Illuminate\Routing\Router->prepareResponse(Object(Illuminate\Http\Request), Object(Illuminate\View\View))
#11 [internal function]: Illuminate\Routing\Router->Illuminate\Routing\{closure}(Object(Illuminate\Http\Request))
#12 /home/hunainarif/ivolunteer/vendor/compiled.php(9056): call_user_func(Object(Closure), Object(Illuminate\Http\Request))
#13 [internal function]: Illuminate\Pipeline\Pipeline->Illuminate\Pipeline\{closure}(Object(Illuminate\Http\Request))
#14 /home/hunainarif/ivolunteer/vendor/compiled.php(9039): call_user_func(Object(Closure), Object(Illuminate\Http\Request))
#15 /home/hunainarif/ivolunteer/vendor/compiled.php(7045): Illuminate\Pipeline\Pipeline->then(Object(Closure))
#16 /home/hunainarif/ivolunteer/vendor/compiled.php(7034): Illuminate\Routing\Router->runRouteWithinStack(Object(Illuminate\Routing\Route), Object(Illuminate\Http\Request))
#17 /home/hunainarif/ivolunteer/vendor/compiled.php(7019): Illuminate\Routing\Router->dispatchToRoute(Object(Illuminate\Http\Request))
#18 /home/hunainarif/ivolunteer/vendor/compiled.php(1989): Illuminate\Routing\Router->dispatch(Object(Illuminate\Http\Request))
#19 [internal function]: Illuminate\Foundation\Http\Kernel->Illuminate\Foundation\Http\{closure}(Object(Illuminate\Http\Request))
#20 /home/hunainarif/ivolunteer/vendor/compiled.php(9056): call_user_func(Object(Closure), Object(Illuminate\Http\Request))
#21 /home/hunainarif/ivolunteer/vendor/compiled.php(2492): Illuminate\Pipeline\Pipeline->Illuminate\Pipeline\{closure}(Object(Illuminate\Http\Request))
#22 /home/hunainarif/ivolunteer/app/Http/Middleware/VerifyCsrfToken.php(17): Illuminate\Foundation\Http\Middleware\VerifyCsrfToken->handle(Object(Illuminate\Http\Request), Object(Closure))
#23 /home/hunainarif/ivolunteer/vendor/compiled.php(9048): App\Http\Middleware\VerifyCsrfToken->handle(Object(Illuminate\Http\Request), Object(Closure))
#24 /home/hunainarif/ivolunteer/vendor/compiled.php(12205): Illuminate\Pipeline\Pipeline->Illuminate\Pipeline\{closure}(Object(Illuminate\Http\Request))
#25 /home/hunainarif/ivolunteer/vendor/compiled.php(9048): Illuminate\View\Middleware\ShareErrorsFromSession->handle(Object(Illuminate\Http\Request), Object(Closure))
#26 /home/hunainarif/ivolunteer/vendor/compiled.php(10906): Illuminate\Pipeline\Pipeline->Illuminate\Pipeline\{closure}(Object(Illuminate\Http\Request))
#27 /home/hunainarif/ivolunteer/vendor/compiled.php(9048): Illuminate\Session\Middleware\StartSession->handle(Object(Illuminate\Http\Request), Object(Closure))
#28 /home/hunainarif/ivolunteer/vendor/compiled.php(11911): Illuminate\Pipeline\Pipeline->Illuminate\Pipeline\{closure}(Object(Illuminate\Http\Request))
#29 /home/hunainarif/ivolunteer/vendor/compiled.php(9048): Illuminate\Cookie\Middleware\AddQueuedCookiesToResponse->handle(Object(Illuminate\Http\Request), Object(Closure))
#30 /home/hunainarif/ivolunteer/vendor/compiled.php(11860): Illuminate\Pipeline\Pipeline->Illuminate\Pipeline\{closure}(Object(Illuminate\Http\Request))
#31 /home/hunainarif/ivolunteer/vendor/compiled.php(9048): Illuminate\Cookie\Middleware\EncryptCookies->handle(Object(Illuminate\Http\Request), Object(Closure))
#32 /home/hunainarif/ivolunteer/vendor/compiled.php(2532): Illuminate\Pipeline\Pipeline->Illuminate\Pipeline\{closure}(Object(Illuminate\Http\Request))
#33 /home/hunainarif/ivolunteer/vendor/compiled.php(9048): Illuminate\Foundation\Http\Middleware\CheckForMaintenanceMode->handle(Object(Illuminate\Http\Request), Object(Closure))
#34 [internal function]: Illuminate\Pipeline\Pipeline->Illuminate\Pipeline\{closure}(Object(Illuminate\Http\Request))
#35 /home/hunainarif/ivolunteer/vendor/compiled.php(9039): call_user_func(Object(Closure), Object(Illuminate\Http\Request))
#36 /home/hunainarif/ivolunteer/vendor/compiled.php(1945): Illuminate\Pipeline\Pipeline->then(Object(Closure))
#37 /home/hunainarif/ivolunteer/vendor/compiled.php(1932): Illuminate\Foundation\Http\Kernel->sendRequestThroughRouter(Object(Illuminate\Http\Request))
#38 /home/hunainarif/ivolunteer/public/index.php(53): Illuminate\Foundation\Http\Kernel->handle(Object(Illuminate\Http\Request))
#39 /home/hunainarif/ivolunteer/server.php(21): require_once('/home/hunainari...')
#40 {main}

Next exception 'ErrorException' with message 'include_once(header.blade.php): failed to open stream: No such file or directory (View: /home/hunainarif/ivolunteer/resources/views/welcome.blade.php)' in /home/hunainarif/ivolunteer/storage/framework/views/6f3d3edb1ebefc17cbbe6499c2412108:3
Stack trace:
#0 /home/hunainarif/ivolunteer/vendor/compiled.php(13777): Illuminate\View\Engines\CompilerEngine->handleViewException(Object(ErrorException), 1)
#1 /home/hunainarif/ivolunteer/vendor/compiled.php(13808): Illuminate\View\Engines\PhpEngine->evaluatePath('/home/hunainari...', Array)
#2 /home/hunainarif/ivolunteer/vendor/compiled.php(13648): Illuminate\View\Engines\CompilerEngine->get('/home/hunainari...', Array)
#3 /home/hunainarif/ivolunteer/vendor/compiled.php(13635): Illuminate\View\View->getContents()
#4 /home/hunainarif/ivolunteer/vendor/compiled.php(13626): Illuminate\View\View->renderContents()
#5 /home/hunainarif/ivolunteer/vendor/compiled.php(14721): Illuminate\View\View->render()
#6 /home/hunainarif/ivolunteer/vendor/compiled.php(14250): Illuminate\Http\Response->setContent(Object(Illuminate\View\View))
#7 /home/hunainarif/ivolunteer/vendor/compiled.php(7244): Symfony\Component\HttpFoundation\Response->__construct(Object(Illuminate\View\View))
#8 /home/hunainarif/ivolunteer/vendor/compiled.php(7044): Illuminate\Routing\Router->prepareResponse(Object(Illuminate\Http\Request), Object(Illuminate\View\View))
#9 [internal function]: Illuminate\Routing\Router->Illuminate\Routing\{closure}(Object(Illuminate\Http\Request))
#10 /home/hunainarif/ivolunteer/vendor/compiled.php(9056): call_user_func(Object(Closure), Object(Illuminate\Http\Request))
#11 [internal function]: Illuminate\Pipeline\Pipeline->Illuminate\Pipeline\{closure}(Object(Illuminate\Http\Request))
#12 /home/hunainarif/ivolunteer/vendor/compiled.php(9039): call_user_func(Object(Closure), Object(Illuminate\Http\Request))
#13 /home/hunainarif/ivolunteer/vendor/compiled.php(7045): Illuminate\Pipeline\Pipeline->then(Object(Closure))
#14 /home/hunainarif/ivolunteer/vendor/compiled.php(7034): Illuminate\Routing\Router->runRouteWithinStack(Object(Illuminate\Routing\Route), Object(Illuminate\Http\Request))
#15 /home/hunainarif/ivolunteer/vendor/compiled.php(7019): Illuminate\Routing\Router->dispatchToRoute(Object(Illuminate\Http\Request))
#16 /home/hunainarif/ivolunteer/vendor/compiled.php(1989): Illuminate\Routing\Router->dispatch(Object(Illuminate\Http\Request))
#17 [internal function]: Illuminate\Foundation\Http\Kernel->Illuminate\Foundation\Http\{closure}(Object(Illuminate\Http\Request))
#18 /home/hunainarif/ivolunteer/vendor/compiled.php(9056): call_user_func(Object(Closure), Object(Illuminate\Http\Request))
#19 /home/hunainarif/ivolunteer/vendor/compiled.php(2492): Illuminate\Pipeline\Pipeline->Illuminate\Pipeline\{closure}(Object(Illuminate\Http\Request))
#20 /home/hunainarif/ivolunteer/app/Http/Middleware/VerifyCsrfToken.php(17): Illuminate\Foundation\Http\Middleware\VerifyCsrfToken->handle(Object(Illuminate\Http\Request), Object(Closure))
#21 /home/hunainarif/ivolunteer/vendor/compiled.php(9048): App\Http\Middleware\VerifyCsrfToken->handle(Object(Illuminate\Http\Request), Object(Closure))
#22 /home/hunainarif/ivolunteer/vendor/compiled.php(12205): Illuminate\Pipeline\Pipeline->Illuminate\Pipeline\{closure}(Object(Illuminate\Http\Request))
#23 /home/hunainarif/ivolunteer/vendor/compiled.php(9048): Illuminate\View\Middleware\ShareErrorsFromSession->handle(Object(Illuminate\Http\Request), Object(Closure))
#24 /home/hunainarif/ivolunteer/vendor/compiled.php(10906): Illuminate\Pipeline\Pipeline->Illuminate\Pipeline\{closure}(Object(Illuminate\Http\Request))
#25 /home/hunainarif/ivolunteer/vendor/compiled.php(9048): Illuminate\Session\Middleware\StartSession->handle(Object(Illuminate\Http\Request), Object(Closure))
#26 /home/hunainarif/ivolunteer/vendor/compiled.php(11911): Illuminate\Pipeline\Pipeline->Illuminate\Pipeline\{closure}(Object(Illuminate\Http\Request))
#27 /home/hunainarif/ivolunteer/vendor/compiled.php(9048): Illuminate\Cookie\Middleware\AddQueuedCookiesToResponse->handle(Object(Illuminate\Http\Request), Object(Closure))
#28 /home/hunainarif/ivolunteer/vendor/compiled.php(11860): Illuminate\Pipeline\Pipeline->Illuminate\Pipeline\{closure}(Object(Illuminate\Http\Request))
#29 /home/hunainarif/ivolunteer/vendor/compiled.php(9048): Illuminate\Cookie\Middleware\EncryptCookies->handle(Object(Illuminate\Http\Request), Object(Closure))
#30 /home/hunainarif/ivolunteer/vendor/compiled.php(2532): Illuminate\Pipeline\Pipeline->Illuminate\Pipeline\{closure}(Object(Illuminate\Http\Request))
#31 /home/hunainarif/ivolunteer/vendor/compiled.php(9048): Illuminate\Foundation\Http\Middleware\CheckForMaintenanceMode->handle(Object(Illuminate\Http\Request), Object(Closure))
#32 [internal function]: Illuminate\Pipeline\Pipeline->Illuminate\Pipeline\{closure}(Object(Illuminate\Http\Request))
#33 /home/hunainarif/ivolunteer/vendor/compiled.php(9039): call_user_func(Object(Closure), Object(Illuminate\Http\Request))
#34 /home/hunainarif/ivolunteer/vendor/compiled.php(1945): Illuminate\Pipeline\Pipeline->then(Object(Closure))
#35 /home/hunainarif/ivolunteer/vendor/compiled.php(1932): Illuminate\Foundation\Http\Kernel->sendRequestThroughRouter(Object(Illuminate\Http\Request))
#36 /home/hunainarif/ivolunteer/public/index.php(53): Illuminate\Foundation\Http\Kernel->handle(Object(Illuminate\Http\Request))
#37 /home/hunainarif/ivolunteer/server.php(21): require_once('/home/hunainari...')
#38 {main}  
[2015-05-11 21:44:51] local.ERROR: exception 'Illuminate\Session\TokenMismatchException' in /home/hunainarif/ivolunteer/vendor/compiled.php:2494
Stack trace:
#0 /home/hunainarif/ivolunteer/app/Http/Middleware/VerifyCsrfToken.php(17): Illuminate\Foundation\Http\Middleware\VerifyCsrfToken->handle(Object(Illuminate\Http\Request), Object(Closure))
#1 /home/hunainarif/ivolunteer/vendor/compiled.php(9048): App\Http\Middleware\VerifyCsrfToken->handle(Object(Illuminate\Http\Request), Object(Closure))
#2 /home/hunainarif/ivolunteer/vendor/compiled.php(12205): Illuminate\Pipeline\Pipeline->Illuminate\Pipeline\{closure}(Object(Illuminate\Http\Request))
#3 /home/hunainarif/ivolunteer/vendor/compiled.php(9048): Illuminate\View\Middleware\ShareErrorsFromSession->handle(Object(Illuminate\Http\Request), Object(Closure))
#4 /home/hunainarif/ivolunteer/vendor/compiled.php(10906): Illuminate\Pipeline\Pipeline->Illuminate\Pipeline\{closure}(Object(Illuminate\Http\Request))
#5 /home/hunainarif/ivolunteer/vendor/compiled.php(9048): Illuminate\Session\Middleware\StartSession->handle(Object(Illuminate\Http\Request), Object(Closure))
#6 /home/hunainarif/ivolunteer/vendor/compiled.php(11911): Illuminate\Pipeline\Pipeline->Illuminate\Pipeline\{closure}(Object(Illuminate\Http\Request))
#7 /home/hunainarif/ivolunteer/vendor/compiled.php(9048): Illuminate\Cookie\Middleware\AddQueuedCookiesToResponse->handle(Object(Illuminate\Http\Request), Object(Closure))
#8 /home/hunainarif/ivolunteer/vendor/compiled.php(11860): Illuminate\Pipeline\Pipeline->Illuminate\Pipeline\{closure}(Object(Illuminate\Http\Request))
#9 /home/hunainarif/ivolunteer/vendor/compiled.php(9048): Illuminate\Cookie\Middleware\EncryptCookies->handle(Object(Illuminate\Http\Request), Object(Closure))
#10 /home/hunainarif/ivolunteer/vendor/compiled.php(2532): Illuminate\Pipeline\Pipeline->Illuminate\Pipeline\{closure}(Object(Illuminate\Http\Request))
#11 /home/hunainarif/ivolunteer/vendor/compiled.php(9048): Illuminate\Foundation\Http\Middleware\CheckForMaintenanceMode->handle(Object(Illuminate\Http\Request), Object(Closure))
#12 [internal function]: Illuminate\Pipeline\Pipeline->Illuminate\Pipeline\{closure}(Object(Illuminate\Http\Request))
#13 /home/hunainarif/ivolunteer/vendor/compiled.php(9039): call_user_func(Object(Closure), Object(Illuminate\Http\Request))
#14 /home/hunainarif/ivolunteer/vendor/compiled.php(1945): Illuminate\Pipeline\Pipeline->then(Object(Closure))
#15 /home/hunainarif/ivolunteer/vendor/compiled.php(1932): Illuminate\Foundation\Http\Kernel->sendRequestThroughRouter(Object(Illuminate\Http\Request))
#16 /home/hunainarif/ivolunteer/public/index.php(53): Illuminate\Foundation\Http\Kernel->handle(Object(Illuminate\Http\Request))
#17 /home/hunainarif/ivolunteer/server.php(21): require_once('/home/hunainari...')
#18 {main}  
[2015-05-11 21:45:27] local.ERROR: exception 'Illuminate\Session\TokenMismatchException' in /home/hunainarif/ivolunteer/vendor/compiled.php:2494
Stack trace:
#0 /home/hunainarif/ivolunteer/app/Http/Middleware/VerifyCsrfToken.php(17): Illuminate\Foundation\Http\Middleware\VerifyCsrfToken->handle(Object(Illuminate\Http\Request), Object(Closure))
#1 /home/hunainarif/ivolunteer/vendor/compiled.php(9048): App\Http\Middleware\VerifyCsrfToken->handle(Object(Illuminate\Http\Request), Object(Closure))
#2 /home/hunainarif/ivolunteer/vendor/compiled.php(12205): Illuminate\Pipeline\Pipeline->Illuminate\Pipeline\{closure}(Object(Illuminate\Http\Request))
#3 /home/hunainarif/ivolunteer/vendor/compiled.php(9048): Illuminate\View\Middleware\ShareErrorsFromSession->handle(Object(Illuminate\Http\Request), Object(Closure))
#4 /home/hunainarif/ivolunteer/vendor/compiled.php(10906): Illuminate\Pipeline\Pipeline->Illuminate\Pipeline\{closure}(Object(Illuminate\Http\Request))
#5 /home/hunainarif/ivolunteer/vendor/compiled.php(9048): Illuminate\Session\Middleware\StartSession->handle(Object(Illuminate\Http\Request), Object(Closure))
#6 /home/hunainarif/ivolunteer/vendor/compiled.php(11911): Illuminate\Pipeline\Pipeline->Illuminate\Pipeline\{closure}(Object(Illuminate\Http\Request))
#7 /home/hunainarif/ivolunteer/vendor/compiled.php(9048): Illuminate\Cookie\Middleware\AddQueuedCookiesToResponse->handle(Object(Illuminate\Http\Request), Object(Closure))
#8 /home/hunainarif/ivolunteer/vendor/compiled.php(11860): Illuminate\Pipeline\Pipeline->Illuminate\Pipeline\{closure}(Object(Illuminate\Http\Request))
#9 /home/hunainarif/ivolunteer/vendor/compiled.php(9048): Illuminate\Cookie\Middleware\EncryptCookies->handle(Object(Illuminate\Http\Request), Object(Closure))
#10 /home/hunainarif/ivolunteer/vendor/compiled.php(2532): Illuminate\Pipeline\Pipeline->Illuminate\Pipeline\{closure}(Object(Illuminate\Http\Request))
#11 /home/hunainarif/ivolunteer/vendor/compiled.php(9048): Illuminate\Foundation\Http\Middleware\CheckForMaintenanceMode->handle(Object(Illuminate\Http\Request), Object(Closure))
#12 [internal function]: Illuminate\Pipeline\Pipeline->Illuminate\Pipeline\{closure}(Object(Illuminate\Http\Request))
#13 /home/hunainarif/ivolunteer/vendor/compiled.php(9039): call_user_func(Object(Closure), Object(Illuminate\Http\Request))
#14 /home/hunainarif/ivolunteer/vendor/compiled.php(1945): Illuminate\Pipeline\Pipeline->then(Object(Closure))
#15 /home/hunainarif/ivolunteer/vendor/compiled.php(1932): Illuminate\Foundation\Http\Kernel->sendRequestThroughRouter(Object(Illuminate\Http\Request))
#16 /home/hunainarif/ivolunteer/public/index.php(53): Illuminate\Foundation\Http\Kernel->handle(Object(Illuminate\Http\Request))
#17 /home/hunainarif/ivolunteer/server.php(21): require_once('/home/hunainari...')
#18 {main}  
